# JRE version: OpenJDK Runtime Environment Microsoft-8035246 (17.0.8+7) (build 17.0.8+7-LTS)
# Java VM: OpenJDK 64-Bit Server VM Microsoft-8035246 (17.0.8+7-LTS, mixed mode, sharing, tiered, compressed oops, compressed class ptrs, g1 gc, windows-amd64)
GC Precious Log:
 CPUs: 4 total, 4 available
 Memory: 6092M
 Large Page Support: Disabled
 NUMA Support: Disabled
 Compressed Oops: Enabled (32-bit)
 Heap Region Size: 1M
 Heap Min Capacity: 8M
 Heap Initial Capacity: 96M
 Heap Max Capacity: 2G
 Pre-touch: Disabled
 Parallel Workers: 4
 Concurrent Workers: 1
 Concurrent Refinement Workers: 4
 Periodic GC: Disabled
Heap:
 garbage-first heap   total 304128K, used 231549K [0x0000000080000000, 0x0000000100000000)
  region size 1024K, 82 young (83968K), 2 survivors (2048K)
 Metaspace       used 97603K, committed 98496K, reserved 557056K
  class space    used 13680K, committed 14144K, reserved 425984K
GC Heap History (20 events):
Event: 32.977 GC heap before
{Heap before GC invocations=39 (full 0):
 garbage-first heap   total 167936K, used 94592K [0x0000000080000000, 0x0000000100000000)
  region size 1024K, 8 young (8192K), 2 survivors (2048K)
 Metaspace       used 72243K, committed 72960K, reserved 491520K
  class space    used 10101K, committed 10432K, reserved 425984K
}
Event: 32.980 GC heap after
{Heap after GC invocations=40 (full 0):
 garbage-first heap   total 167936K, used 88680K [0x0000000080000000, 0x0000000100000000)
  region size 1024K, 1 young (1024K), 1 survivors (1024K)
 Metaspace       used 72243K, committed 72960K, reserved 491520K
  class space    used 10101K, committed 10432K, reserved 425984K
}
Event: 33.373 GC heap before
{Heap before GC invocations=40 (full 0):
 garbage-first heap   total 167936K, used 124520K [0x0000000080000000, 0x0000000100000000)
  region size 1024K, 36 young (36864K), 1 survivors (1024K)
 Metaspace       used 74918K, committed 75648K, reserved 491520K
  class space    used 10452K, committed 10816K, reserved 425984K
}
Event: 33.378 GC heap after
{Heap after GC invocations=41 (full 0):
 garbage-first heap   total 349184K, used 90130K [0x0000000080000000, 0x0000000100000000)
  region size 1024K, 2 young (2048K), 2 survivors (2048K)
 Metaspace       used 74918K, committed 75648K, reserved 491520K
  class space    used 10452K, committed 10816K, reserved 425984K
}
Event: 49.030 GC heap before
{Heap before GC invocations=42 (full 0):
 garbage-first heap   total 304128K, used 233490K [0x0000000080000000, 0x0000000100000000)
  region size 1024K, 145 young (148480K), 2 survivors (2048K)
 Metaspace       used 81841K, committed 82624K, reserved 557056K
  class space    used 11555K, committed 11904K, reserved 425984K
}
Event: 49.038 GC heap after
{Heap after GC invocations=43 (full 0):
 garbage-first heap   total 304128K, used 94398K [0x0000000080000000, 0x0000000100000000)
  region size 1024K, 10 young (10240K), 10 survivors (10240K)
 Metaspace       used 81841K, committed 82624K, reserved 557056K
  class space    used 11555K, committed 11904K, reserved 425984K
}
Event: 49.088 GC heap before
{Heap before GC invocations=43 (full 0):
 garbage-first heap   total 304128K, used 98494K [0x0000000080000000, 0x0000000100000000)
  region size 1024K, 14 young (14336K), 10 survivors (10240K)
 Metaspace       used 82136K, committed 82880K, reserved 557056K
  class space    used 11603K, committed 11968K, reserved 425984K
}
Event: 49.112 GC heap after
{Heap after GC invocations=44 (full 0):
 garbage-first heap   total 304128K, used 95515K [0x0000000080000000, 0x0000000100000000)
  region size 1024K, 2 young (2048K), 2 survivors (2048K)
 Metaspace       used 82136K, committed 82880K, reserved 557056K
  class space    used 11603K, committed 11968K, reserved 425984K
}
Event: 50.378 GC heap before
{Heap before GC invocations=44 (full 0):
 garbage-first heap   total 304128K, used 168219K [0x0000000080000000, 0x0000000100000000)
  region size 1024K, 75 young (76800K), 2 survivors (2048K)
 Metaspace       used 85867K, committed 86656K, reserved 557056K
  class space    used 12084K, committed 12480K, reserved 425984K
}
Event: 50.385 GC heap after
{Heap after GC invocations=45 (full 0):
 garbage-first heap   total 304128K, used 100674K [0x0000000080000000, 0x0000000100000000)
  region size 1024K, 7 young (7168K), 7 survivors (7168K)
 Metaspace       used 85867K, committed 86656K, reserved 557056K
  class space    used 12084K, committed 12480K, reserved 425984K
}
Event: 52.767 GC heap before
{Heap before GC invocations=46 (full 0):
 garbage-first heap   total 304128K, used 238914K [0x0000000080000000, 0x0000000100000000)
  region size 1024K, 135 young (138240K), 7 survivors (7168K)
 Metaspace       used 89094K, committed 90048K, reserved 557056K
  class space    used 12554K, committed 12992K, reserved 425984K
}
Event: 52.800 GC heap after
{Heap after GC invocations=47 (full 0):
 garbage-first heap   total 304128K, used 134791K [0x0000000080000000, 0x0000000100000000)
  region size 1024K, 17 young (17408K), 17 survivors (17408K)
 Metaspace       used 89094K, committed 90048K, reserved 557056K
  class space    used 12554K, committed 12992K, reserved 425984K
}
Event: 52.822 GC heap before
{Heap before GC invocations=47 (full 0):
 garbage-first heap   total 304128K, used 135815K [0x0000000080000000, 0x0000000100000000)
  region size 1024K, 18 young (18432K), 17 survivors (17408K)
 Metaspace       used 89135K, committed 90048K, reserved 557056K
  class space    used 12560K, committed 12992K, reserved 425984K
}
Event: 52.839 GC heap after
{Heap after GC invocations=48 (full 0):
 garbage-first heap   total 304128K, used 136133K [0x0000000080000000, 0x0000000100000000)
  region size 1024K, 2 young (2048K), 2 survivors (2048K)
 Metaspace       used 89135K, committed 90048K, reserved 557056K
  class space    used 12560K, committed 12992K, reserved 425984K
}
Event: 54.590 GC heap before
{Heap before GC invocations=48 (full 0):
 garbage-first heap   total 304128K, used 232389K [0x0000000080000000, 0x0000000100000000)
  region size 1024K, 96 young (98304K), 2 survivors (2048K)
 Metaspace       used 95737K, committed 96640K, reserved 557056K
  class space    used 13458K, committed 13888K, reserved 425984K
}
Event: 54.604 GC heap after
{Heap after GC invocations=49 (full 0):
 garbage-first heap   total 304128K, used 141394K [0x0000000080000000, 0x0000000100000000)
  region size 1024K, 7 young (7168K), 7 survivors (7168K)
 Metaspace       used 95737K, committed 96640K, reserved 557056K
  class space    used 13458K, committed 13888K, reserved 425984K
}
Event: 56.470 GC heap before
{Heap before GC invocations=50 (full 0):
 garbage-first heap   total 304128K, used 238674K [0x0000000080000000, 0x0000000100000000)
  region size 1024K, 102 young (104448K), 7 survivors (7168K)
 Metaspace       used 97301K, committed 98240K, reserved 557056K
  class space    used 13630K, committed 14080K, reserved 425984K
}
Event: 56.496 GC heap after
{Heap after GC invocations=51 (full 0):
 garbage-first heap   total 304128K, used 150528K [0x0000000080000000, 0x0000000100000000)
  region size 1024K, 13 young (13312K), 13 survivors (13312K)
 Metaspace       used 97301K, committed 98240K, reserved 557056K
  class space    used 13630K, committed 14080K, reserved 425984K
}
Event: 56.506 GC heap before
{Heap before GC invocations=51 (full 0):
 garbage-first heap   total 304128K, used 151552K [0x0000000080000000, 0x0000000100000000)
  region size 1024K, 14 young (14336K), 13 survivors (13312K)
 Metaspace       used 97304K, committed 98240K, reserved 557056K
  class space    used 13630K, committed 14080K, reserved 425984K
}
Event: 56.552 GC heap after
{Heap after GC invocations=52 (full 0):
 garbage-first heap   total 304128K, used 151677K [0x0000000080000000, 0x0000000100000000)
  region size 1024K, 2 young (2048K), 2 survivors (2048K)
 Metaspace       used 97304K, committed 98240K, reserved 557056K
  class space    used 13630K, committed 14080K, reserved 425984K
}

